<?xml version="1.0" encoding="UTF-8"?>
<!-- Generated by org.testng.reporters.JUnitReportReporter -->
<testsuite skipped="0" hostname="DESKTOP-QO13JTD" name="com.coinlancer.SignUp.PostAproject" tests="1" failures="0" timestamp="20 Jul 2018 09:10:56 GMT" time="8.022" errors="0">
  <testcase name="verifypostaproject" time="8.022" classname="com.coinlancer.SignUp.PostAproject"/>
</testsuite> <!-- com.coinlancer.SignUp.PostAproject -->
