<?xml version="1.0" encoding="UTF-8"?>
<!-- Generated by org.testng.reporters.JUnitReportReporter -->
<testsuite skipped="0" hostname="DESKTOP-QO13JTD" name="com.coinlancer.SignUp.Signupclear" tests="1" failures="0" timestamp="19 Jul 2018 07:01:44 GMT" time="8.802" errors="0">
  <testcase name="verifyclearButton" time="8.802" classname="com.coinlancer.SignUp.Signupclear"/>
</testsuite> <!-- com.coinlancer.SignUp.Signupclear -->
