<?xml version="1.0" encoding="UTF-8"?>
<!-- Generated by org.testng.reporters.JUnitReportReporter -->
<testsuite skipped="0" hostname="DESKTOP-QO13JTD" name="com.coinlancerProjectSpecificCommon.Loginfreelancer" tests="1" failures="0" timestamp="17 Jul 2018 09:38:16 GMT" time="5.276" errors="0">
  <testcase name="verifyLogin" time="5.276" classname="com.coinlancerProjectSpecificCommon.Loginfreelancer"/>
</testsuite> <!-- com.coinlancerProjectSpecificCommon.Loginfreelancer -->
