<?xml version="1.0" encoding="UTF-8"?>
<!-- Generated by org.testng.reporters.JUnitReportReporter -->
<testsuite skipped="0" hostname="DESKTOP-QO13JTD" name="com.coinlancerProjectSpecificCommon.Loginfreelancer" tests="1" failures="0" timestamp="19 Jul 2018 06:18:14 GMT" time="25.361" errors="0">
  <testcase name="verifyLogin" time="25.361" classname="com.coinlancerProjectSpecificCommon.Loginfreelancer"/>
</testsuite> <!-- com.coinlancerProjectSpecificCommon.Loginfreelancer -->
