<?xml version="1.0" encoding="UTF-8"?>
<!-- Generated by org.testng.reporters.JUnitReportReporter -->
<testsuite skipped="0" hostname="DESKTOP-QO13JTD" name="com.coinlancerProjectSpecificCommon.Login" tests="2" failures="0" timestamp="18 Jul 2018 06:58:04 GMT" time="15.182" errors="0">
  <testcase name="verifyLogin" time="5.980" classname="com.coinlancerProjectSpecificCommon.Login"/>
  <testcase name="verifyLogin" time="9.202" classname="com.coinlancerProjectSpecificCommon.Login"/>
</testsuite> <!-- com.coinlancerProjectSpecificCommon.Login -->
