<?xml version="1.0" encoding="UTF-8"?>
<!-- Generated by org.testng.reporters.JUnitReportReporter -->
<testsuite skipped="0" hostname="DESKTOP-QO13JTD" name="com.coinlancerProjectSpecificCommon.Login" tests="1" failures="0" timestamp="15 Jul 2018 09:51:24 GMT" time="11.023" errors="0">
  <testcase name="Login" time="11.023" classname="com.coinlancerProjectSpecificCommon.Login"/>
</testsuite> <!-- com.coinlancerProjectSpecificCommon.Login -->
