<?xml version="1.0" encoding="UTF-8"?>
<!-- Generated by org.testng.reporters.JUnitReportReporter -->
<testsuite skipped="0" hostname="DESKTOP-QO13JTD" name="com.coinlancer.SignUp.Signup1" tests="1" failures="0" timestamp="16 Jul 2018 13:47:41 GMT" time="13.504" errors="0">
  <testcase name="verifyRegistration" time="13.504" classname="com.coinlancer.SignUp.Signup1"/>
</testsuite> <!-- com.coinlancer.SignUp.Signup1 -->
