<?xml version="1.0" encoding="UTF-8"?>
<!-- Generated by org.testng.reporters.JUnitReportReporter -->
<testsuite skipped="0" hostname="DESKTOP-QO13JTD" name="com.coinlancer.SignUp.SignUp" tests="1" failures="0" timestamp="23 Jul 2018 05:08:44 GMT" time="17.429" errors="0">
  <testcase name="verifyRegistration" time="17.429" classname="com.coinlancer.SignUp.SignUp"/>
</testsuite> <!-- com.coinlancer.SignUp.SignUp -->
