<?xml version="1.0" encoding="UTF-8"?>
<!-- Generated by org.testng.reporters.JUnitReportReporter -->
<testsuite skipped="0" hostname="DESKTOP-QO13JTD" name="com.commonLibraries.Base" tests="1" failures="0" timestamp="17 Jul 2018 11:18:41 GMT" time="47.411" errors="1">
  <testcase name="setup" time="47.411" classname="com.commonLibraries.Base">
    <error type="org.openqa.selenium.WebDriverException" message="Failed to connect to binary FirefoxBinary(C:\Program Files\Mozilla Firefox\firefox.exe) on port 7055; process output follows: 
\Vinay Kumar\AppData\Local\Temp\anonymous7618720939703006143webdriver-profile\extensions\webdriver-staging
1531826279238	addons.xpi	DEBUG	Existing add-on activity-stream@mozilla.org in app-system-defaults
1531826279238	addons.xpi	DEBUG	Existing add-on aushelper@mozilla.org in app-system-defaults
1531826279238	addons.xpi	DEBUG	Existing add-on firefox@getpocket.com in app-system-defaults
1531826279238	addons.xpi	DEBUG	Existing add-on followonsearch@mozilla.com in app-system-defaults
1531826279238	addons.xpi	DEBUG	Existing add-on formautofill@mozilla.org in app-system-defaults
1531826279238	addons.xpi	DEBUG	Existing add-on onboarding@mozilla.org in app-system-defaults
1531826279239	addons.xpi	DEBUG	Existing add-on screenshots@mozilla.org in app-system-defaults
1531826279239	addons.xpi	DEBUG	Existing add-on webcompat-reporter@mozilla.org in app-system-defaults
1531826279239	addons.xpi	DEBUG	Existing add-on webcompat@mozilla.org in app-system-defaults
1531826279239	addons.xpi	DEBUG	getInstallState changed: false, state: {}
JavaScript error: resource://gre/modules/addons/XPIProvider.jsm, line 2189: TypeError: addon is null
1531826285483	addons.xpi	DEBUG	Calling bootstrap method shutdown on webcompat@mozilla.org version 2.0
1531826285484	addons.xpi	DEBUG	Calling bootstrap method shutdown on webcompat-reporter@mozilla.org version 1.0.0
1531826285484	addons.xpi	DEBUG	Calling bootstrap method shutdown on screenshots@mozilla.org version 32.1.0
1531826285486	addons.xpi	DEBUG	Calling bootstrap method shutdown on onboarding@mozilla.org version 1.0
1531826285486	addons.xpi	DEBUG	Calling bootstrap method shutdown on formautofill@mozilla.org version 1.0
1531826285487	addons.xpi	DEBUG	Calling bootstrap method shutdown on followonsearch@mozilla.com version 0.9.7
1531826285487	addons.xpi	DEBUG	Calling bootstrap method shutdown on firefox@getpocket.com version 1.0.5
1531826285487	addons.xpi	DEBUG	Calling bootstrap method shutdown on aushelper@mozilla.org version 2.0
1531826285487	addons.xpi	DEBUG	Calling bootstrap method shutdown on activity-stream@mozilla.org version 2018.06.29.1026-fa231556
[Parent 6496, Gecko_IOThread] WARNING: pipe error: 109: file z:/build/build/src/ipc/chromium/src/chrome/common/ipc_channel_win.cc, line 346
[Parent 6496, Gecko_IOThread] WARNING: pipe error: 109: file z:/build/build/src/ipc/chromium/src/chrome/common/ipc_channel_win.cc, line 346
[Child 11420, Chrome_ChildThread] WARNING: pipe error: 109: file z:/build/build/src/ipc/chromium/src/chrome/common/ipc_channel_win.cc, line 346
[Child 11420, Chrome_ChildThread] WARNING: pipe error: 109: file z:/build/build/src/ipc/chromium/src/chrome/common/ipc_channel_win.cc, line 346
[Child 5236, Chrome_ChildThread] WARNING: pipe error: 109: file z:/build/build/src/ipc/chromium/src/chrome/common/ipc_channel_win.cc, line 346
[Child 5236, Chrome_ChildThread] WARNING: pipe error: 109: file z:/build/build/src/ipc/chr[Parent 6496, Gecko_IOThread] WARNING: pipe error: 109: file z:/build/build/src/ipc/chromium/src/chrome/common/ipc_channel_win.cc, line 346
[Child 6992, Chrome_ChildThread] WARNING: pipe error: 109: file z:/build/build/src/ipc/chromium/src/chrome/common/ipc_channel_win.cc, line 346
[Child 6992, Chrome_ChildThread] WARNING: pipe error: 109: file z:/build/build/src/ipc/chromi1531826285619	addons.manager	DEBUG	shutdown
1531826285619	addons.manager	DEBUG	Calling shutdown blocker for XPIProvider
1531826285620	addons.xpi	DEBUG	shutdown
1531826285620	addons.xpi-utils	DEBUG	shutdown
1531826285620	addons.manager	DEBUG	Calling shutdown blocker for LightweightThemeManager
1531826285620	addons.manager	DEBUG	Calling shutdown blocker for GMPProvider
1531826285621	addons.manager	DEBUG	Calling shutdown blocker for PluginProvider
1531826285625	addons.manager	DEBUG	Async provider shutdown done
*** UTM:SVC TimerManager:registerTimer called after profile-before-change notification. Ignoring timer registration for id: telemetry_modules_ping
[GPU 9060, Chrome_ChildTh
###!!! [Child][MessageChannel::SendAndWait] Error: Channel error: cannot send/recv


Build info: version: &#039;2.53.1&#039;, revision: &#039;a36b8b1cd5757287168e54b817830adce9b0158d&#039;, time: &#039;2016-06-30 19:26:09&#039;
System info: host: &#039;DESKTOP-QO13JTD&#039;, ip: &#039;192.168.1.9&#039;, os.name: &#039;Windows 10&#039;, os.arch: &#039;amd64&#039;, os.version: &#039;10.0&#039;, java.version: &#039;1.8.0_171&#039;
Driver info: driver.version: FirefoxDriver">
      <![CDATA[org.openqa.selenium.WebDriverException: Failed to connect to binary FirefoxBinary(C:\Program Files\Mozilla Firefox\firefox.exe) on port 7055; process output follows: 
\Vinay Kumar\AppData\Local\Temp\anonymous7618720939703006143webdriver-profile\extensions\webdriver-staging
1531826279238addons.xpiDEBUGExisting add-on activity-stream@mozilla.org in app-system-defaults
1531826279238addons.xpiDEBUGExisting add-on aushelper@mozilla.org in app-system-defaults
1531826279238addons.xpiDEBUGExisting add-on firefox@getpocket.com in app-system-defaults
1531826279238addons.xpiDEBUGExisting add-on followonsearch@mozilla.com in app-system-defaults
1531826279238addons.xpiDEBUGExisting add-on formautofill@mozilla.org in app-system-defaults
1531826279238addons.xpiDEBUGExisting add-on onboarding@mozilla.org in app-system-defaults
1531826279239addons.xpiDEBUGExisting add-on screenshots@mozilla.org in app-system-defaults
1531826279239addons.xpiDEBUGExisting add-on webcompat-reporter@mozilla.org in app-system-defaults
1531826279239addons.xpiDEBUGExisting add-on webcompat@mozilla.org in app-system-defaults
1531826279239addons.xpiDEBUGgetInstallState changed: false, state: {}
JavaScript error: resource://gre/modules/addons/XPIProvider.jsm, line 2189: TypeError: addon is null
1531826285483addons.xpiDEBUGCalling bootstrap method shutdown on webcompat@mozilla.org version 2.0
1531826285484addons.xpiDEBUGCalling bootstrap method shutdown on webcompat-reporter@mozilla.org version 1.0.0
1531826285484addons.xpiDEBUGCalling bootstrap method shutdown on screenshots@mozilla.org version 32.1.0
1531826285486addons.xpiDEBUGCalling bootstrap method shutdown on onboarding@mozilla.org version 1.0
1531826285486addons.xpiDEBUGCalling bootstrap method shutdown on formautofill@mozilla.org version 1.0
1531826285487addons.xpiDEBUGCalling bootstrap method shutdown on followonsearch@mozilla.com version 0.9.7
1531826285487addons.xpiDEBUGCalling bootstrap method shutdown on firefox@getpocket.com version 1.0.5
1531826285487addons.xpiDEBUGCalling bootstrap method shutdown on aushelper@mozilla.org version 2.0
1531826285487addons.xpiDEBUGCalling bootstrap method shutdown on activity-stream@mozilla.org version 2018.06.29.1026-fa231556
[Parent 6496, Gecko_IOThread] WARNING: pipe error: 109: file z:/build/build/src/ipc/chromium/src/chrome/common/ipc_channel_win.cc, line 346
[Parent 6496, Gecko_IOThread] WARNING: pipe error: 109: file z:/build/build/src/ipc/chromium/src/chrome/common/ipc_channel_win.cc, line 346
[Child 11420, Chrome_ChildThread] WARNING: pipe error: 109: file z:/build/build/src/ipc/chromium/src/chrome/common/ipc_channel_win.cc, line 346
[Child 11420, Chrome_ChildThread] WARNING: pipe error: 109: file z:/build/build/src/ipc/chromium/src/chrome/common/ipc_channel_win.cc, line 346
[Child 5236, Chrome_ChildThread] WARNING: pipe error: 109: file z:/build/build/src/ipc/chromium/src/chrome/common/ipc_channel_win.cc, line 346
[Child 5236, Chrome_ChildThread] WARNING: pipe error: 109: file z:/build/build/src/ipc/chr[Parent 6496, Gecko_IOThread] WARNING: pipe error: 109: file z:/build/build/src/ipc/chromium/src/chrome/common/ipc_channel_win.cc, line 346
[Child 6992, Chrome_ChildThread] WARNING: pipe error: 109: file z:/build/build/src/ipc/chromium/src/chrome/common/ipc_channel_win.cc, line 346
[Child 6992, Chrome_ChildThread] WARNING: pipe error: 109: file z:/build/build/src/ipc/chromi1531826285619addons.managerDEBUGshutdown
1531826285619addons.managerDEBUGCalling shutdown blocker for XPIProvider
1531826285620addons.xpiDEBUGshutdown
1531826285620addons.xpi-utilsDEBUGshutdown
1531826285620addons.managerDEBUGCalling shutdown blocker for LightweightThemeManager
1531826285620addons.managerDEBUGCalling shutdown blocker for GMPProvider
1531826285621addons.managerDEBUGCalling shutdown blocker for PluginProvider
1531826285625addons.managerDEBUGAsync provider shutdown done
*** UTM:SVC TimerManager:registerTimer called after profile-before-change notification. Ignoring timer registration for id: telemetry_modules_ping
[GPU 9060, Chrome_ChildTh
###!!! [Child][MessageChannel::SendAndWait] Error: Channel error: cannot send/recv


Build info: version: '2.53.1', revision: 'a36b8b1cd5757287168e54b817830adce9b0158d', time: '2016-06-30 19:26:09'
System info: host: 'DESKTOP-QO13JTD', ip: '192.168.1.9', os.name: 'Windows 10', os.arch: 'amd64', os.version: '10.0', java.version: '1.8.0_171'
Driver info: driver.version: FirefoxDriver
at org.openqa.selenium.firefox.internal.NewProfileExtensionConnection.start(NewProfileExtensionConnection.java:125)
at org.openqa.selenium.firefox.FirefoxDriver.startClient(FirefoxDriver.java:271)
at org.openqa.selenium.remote.RemoteWebDriver.<init>(RemoteWebDriver.java:119)
at org.openqa.selenium.firefox.FirefoxDriver.<init>(FirefoxDriver.java:216)
at org.openqa.selenium.firefox.FirefoxDriver.<init>(FirefoxDriver.java:211)
at org.openqa.selenium.firefox.FirefoxDriver.<init>(FirefoxDriver.java:207)
at org.openqa.selenium.firefox.FirefoxDriver.<init>(FirefoxDriver.java:120)
at com.commonLibraries.Base.setup(Base.java:31)
at sun.reflect.NativeMethodAccessorImpl.invoke0(Native Method)
at sun.reflect.NativeMethodAccessorImpl.invoke(NativeMethodAccessorImpl.java:62)
at sun.reflect.DelegatingMethodAccessorImpl.invoke(DelegatingMethodAccessorImpl.java:43)
at java.lang.reflect.Method.invoke(Method.java:498)
at org.testng.internal.MethodInvocationHelper.invokeMethod(MethodInvocationHelper.java:124)
at org.testng.internal.MethodInvocationHelper.invokeMethodConsideringTimeout(MethodInvocationHelper.java:59)
at org.testng.internal.Invoker.invokeConfigurationMethod(Invoker.java:458)
at org.testng.internal.Invoker.invokeConfigurations(Invoker.java:222)
at org.testng.internal.Invoker.invokeConfigurations(Invoker.java:142)
at org.testng.TestRunner.beforeRun(TestRunner.java:529)
at org.testng.TestRunner.run(TestRunner.java:497)
at org.testng.SuiteRunner.runTest(SuiteRunner.java:455)
at org.testng.SuiteRunner.access$000(SuiteRunner.java:40)
at org.testng.SuiteRunner$SuiteWorker.run(SuiteRunner.java:489)
at org.testng.internal.thread.ThreadUtil$1.call(ThreadUtil.java:52)
at java.util.concurrent.FutureTask.run(FutureTask.java:266)
at java.util.concurrent.ThreadPoolExecutor.runWorker(ThreadPoolExecutor.java:1149)
at java.util.concurrent.ThreadPoolExecutor$Worker.run(ThreadPoolExecutor.java:624)
at java.lang.Thread.run(Thread.java:748)
Caused by: org.openqa.selenium.firefox.NotConnectedException: Unable to connect to host 127.0.0.1 on port 7055 after 45000 ms. Firefox console output:
\Vinay Kumar\AppData\Local\Temp\anonymous7618720939703006143webdriver-profile\extensions\webdriver-staging
1531826279238addons.xpiDEBUGExisting add-on activity-stream@mozilla.org in app-system-defaults
1531826279238addons.xpiDEBUGExisting add-on aushelper@mozilla.org in app-system-defaults
1531826279238addons.xpiDEBUGExisting add-on firefox@getpocket.com in app-system-defaults
1531826279238addons.xpiDEBUGExisting add-on followonsearch@mozilla.com in app-system-defaults
1531826279238addons.xpiDEBUGExisting add-on formautofill@mozilla.org in app-system-defaults
1531826279238addons.xpiDEBUGExisting add-on onboarding@mozilla.org in app-system-defaults
1531826279239addons.xpiDEBUGExisting add-on screenshots@mozilla.org in app-system-defaults
1531826279239addons.xpiDEBUGExisting add-on webcompat-reporter@mozilla.org in app-system-defaults
1531826279239addons.xpiDEBUGExisting add-on webcompat@mozilla.org in app-system-defaults
1531826279239addons.xpiDEBUGgetInstallState changed: false, state: {}
JavaScript error: resource://gre/modules/addons/XPIProvider.jsm, line 2189: TypeError: addon is null
1531826285483addons.xpiDEBUGCalling bootstrap method shutdown on webcompat@mozilla.org version 2.0
1531826285484addons.xpiDEBUGCalling bootstrap method shutdown on webcompat-reporter@mozilla.org version 1.0.0
1531826285484addons.xpiDEBUGCalling bootstrap method shutdown on screenshots@mozilla.org version 32.1.0
1531826285486addons.xpiDEBUGCalling bootstrap method shutdown on onboarding@mozilla.org version 1.0
1531826285486addons.xpiDEBUGCalling bootstrap method shutdown on formautofill@mozilla.org version 1.0
1531826285487addons.xpiDEBUGCalling bootstrap method shutdown on followonsearch@mozilla.com version 0.9.7
1531826285487addons.xpiDEBUGCalling bootstrap method shutdown on firefox@getpocket.com version 1.0.5
1531826285487addons.xpiDEBUGCalling bootstrap method shutdown on aushelper@mozilla.org version 2.0
1531826285487addons.xpiDEBUGCalling bootstrap method shutdown on activity-stream@mozilla.org version 2018.06.29.1026-fa231556
[Parent 6496, Gecko_IOThread] WARNING: pipe error: 109: file z:/build/build/src/ipc/chromium/src/chrome/common/ipc_channel_win.cc, line 346
[Parent 6496, Gecko_IOThread] WARNING: pipe error: 109: file z:/build/build/src/ipc/chromium/src/chrome/common/ipc_channel_win.cc, line 346
[Child 11420, Chrome_ChildThread] WARNING: pipe error: 109: file z:/build/build/src/ipc/chromium/src/chrome/common/ipc_channel_win.cc, line 346
[Child 11420, Chrome_ChildThread] WARNING: pipe error: 109: file z:/build/build/src/ipc/chromium/src/chrome/common/ipc_channel_win.cc, line 346
[Child 5236, Chrome_ChildThread] WARNING: pipe error: 109: file z:/build/build/src/ipc/chromium/src/chrome/common/ipc_channel_win.cc, line 346
[Child 5236, Chrome_ChildThread] WARNING: pipe error: 109: file z:/build/build/src/ipc/chr[Parent 6496, Gecko_IOThread] WARNING: pipe error: 109: file z:/build/build/src/ipc/chromium/src/chrome/common/ipc_channel_win.cc, line 346
[Child 6992, Chrome_ChildThread] WARNING: pipe error: 109: file z:/build/build/src/ipc/chromium/src/chrome/common/ipc_channel_win.cc, line 346
[Child 6992, Chrome_ChildThread] WARNING: pipe error: 109: file z:/build/build/src/ipc/chromi1531826285619addons.managerDEBUGshutdown
1531826285619addons.managerDEBUGCalling shutdown blocker for XPIProvider
1531826285620addons.xpiDEBUGshutdown
1531826285620addons.xpi-utilsDEBUGshutdown
1531826285620addons.managerDEBUGCalling shutdown blocker for LightweightThemeManager
1531826285620addons.managerDEBUGCalling shutdown blocker for GMPProvider
1531826285621addons.managerDEBUGCalling shutdown blocker for PluginProvider
1531826285625addons.managerDEBUGAsync provider shutdown done
*** UTM:SVC TimerManager:registerTimer called after profile-before-change notification. Ignoring timer registration for id: telemetry_modules_ping
[GPU 9060, Chrome_ChildTh
###!!! [Child][MessageChannel::SendAndWait] Error: Channel error: cannot send/recv


at org.openqa.selenium.firefox.internal.NewProfileExtensionConnection.start(NewProfileExtensionConnection.java:113)
... 26 more
]]>
    </error>
  </testcase> <!-- setup -->
</testsuite> <!-- com.commonLibraries.Base -->
