<?xml version="1.0" encoding="UTF-8"?>
<!-- Generated by org.testng.reporters.JUnitReportReporter -->
<testsuite skipped="0" hostname="DESKTOP-QO13JTD" name="com.coinlancer.SignUp.PostAproject" tests="1" failures="0" timestamp="23 Jul 2018 09:59:00 GMT" time="6.916" errors="0">
  <testcase name="verifypostaproject" time="6.916" classname="com.coinlancer.SignUp.PostAproject"/>
</testsuite> <!-- com.coinlancer.SignUp.PostAproject -->
