<?xml version="1.0" encoding="UTF-8"?>
<!-- Generated by org.testng.reporters.JUnitReportReporter -->
<testsuite skipped="0" hostname="DESKTOP-QO13JTD" name="com.coinlancerProjectSpecificCommon.forgotpassword" tests="1" failures="0" timestamp="24 Jul 2018 06:47:11 GMT" time="7.399" errors="0">
  <testcase name="verifyforgotpassword" time="7.399" classname="com.coinlancerProjectSpecificCommon.forgotpassword"/>
</testsuite> <!-- com.coinlancerProjectSpecificCommon.forgotpassword -->
