<?xml version="1.0" encoding="UTF-8"?>
<!-- Generated by org.testng.reporters.JUnitReportReporter -->
<testsuite skipped="0" hostname="DESKTOP-QO13JTD" name="com.coinlancerProjectSpecificCommon.PostAproject" tests="1" failures="0" timestamp="24 Jul 2018 11:57:37 GMT" time="11.491" errors="0">
  <testcase name="verifypostaproject" time="11.491" classname="com.coinlancerProjectSpecificCommon.PostAproject"/>
</testsuite> <!-- com.coinlancerProjectSpecificCommon.PostAproject -->
