<?xml version="1.0" encoding="UTF-8"?>
<!-- Generated by org.testng.reporters.JUnitReportReporter -->
<testsuite skipped="0" hostname="DESKTOP-QO13JTD" name="com.coinlancerProjectSpecificCommon.Login" tests="1" failures="0" timestamp="20 Jul 2018 09:00:11 GMT" time="5.392" errors="0">
  <testcase name="verifyLogin" time="5.392" classname="com.coinlancerProjectSpecificCommon.Login"/>
</testsuite> <!-- com.coinlancerProjectSpecificCommon.Login -->
