<?xml version="1.0" encoding="UTF-8"?>
<!-- Generated by org.testng.reporters.JUnitReportReporter -->
<testsuite skipped="0" hostname="DESKTOP-QO13JTD" name="com.coinlancer.SignUp.VerifyRadioButons" tests="1" failures="0" timestamp="22 Jun 2018 05:20:13 GMT" time="4.724" errors="0">
  <testcase name="verifyRadioButton" time="4.724" classname="com.coinlancer.SignUp.VerifyRadioButons"/>
</testsuite> <!-- com.coinlancer.SignUp.VerifyRadioButons -->
